<?xml version="1.0" encoding="UTF-8"?>
<testsuite xmlns:xsi="http://www.w3.org/2001/XMLSchema-instance" xsi:noNamespaceSchemaLocation="https://maven.apache.org/surefire/maven-surefire-plugin/xsd/surefire-test-report.xsd" name="org.wonderboom.PersonTest" time="0.366" tests="7" errors="1" skipped="0" failures="0">
  <properties>
[...]
</properties>
  <testcase name="when_PetIsAdded_Expect_ThisPetsOfPersonContainPetAndTheOwnerOfPetisThisOwner" classname="org.wonderboom.PersonTest" time="0.023"/>
  <testcase name="when_addParentsIsCalled_Expect_getMotherAndgetFatherReturnListWithMinimalOnePerson" classname="org.wonderboom.PersonTest" time="0.001"/>
  <testcase name="when_getGrandChildren_Expect_ListgrandChildrenContainAllPersonAddedToTheChilderenOfThePerson" classname="org.wonderboom.PersonTest" time="0.007"/>
  <testcase name="when_petIsRemoved_Expect_ThisPetsNotContainPetANDOwnerOfPetIsNull" classname="org.wonderboom.PersonTest" time="0.001"/>
  <testcase name="when_PetIsAddedToPerson_Expect_PetAddedIsSameAsPetReturned" classname="org.wonderboom.PersonTest" time="0"/>
  <testcase name="when_addChildIsCalled_Expect_getChildrenReturnsListWithOneMorePerson" classname="org.wonderboom.PersonTest" time="0.001"/>
  <testcase name="when_SiblingIsAdded_Expect_PersonAddedIsSameAsSiblingReturned" classname="org.wonderboom.PersonTest" time="0.324">
    <error type="java.lang.StackOverflowError">java.lang.StackOverflowError
</error>
    <system-out><![CDATA[Hans is already a sibling of Grietje
Grietje is already a sibling of Hans
Hans is already a sibling of Grietje
Grietje is already a sibling of Hans
Hans is already a sibling of Grietje
Grietje is already a sibling of Hans
Hans is already a sibling of Grietje
Grietje is already a sibling of Hans
Hans is already a sibling of Grietje
Grietje is already a sibling of Hans
Hans is already a sibling of Grietje
Grietje is already a sibling of Hans
Hans is already a sibling of Grietje
Grietje is already a sibling of Hans
Hans is already a sibling of Grietje
Grietje is already a sibling of Hans
Hans is already a sibling of Grietje
Grietje is already a sibling of Hans
Hans is already a sibling of Grietje
Grietje is already a sibling of Hans
Hans is already a sibling of Grietje
Grietje is already a sibling of Hans
Hans is already a sibling of Grietje
Grietje is already a sibling of Hans
Hans is already a sibling of Grietje
Grietje is already a sibling of Hans
Hans is already a sibling of Grietje
Grietje is already a sibling of Hans
Hans is already a sibling of Grietje
Grietje is already a sibling of Hans
Hans is already a sibling of Grietje
Grietje is already a sibling of Hans
Hans is already a sibling of Grietje
Grietje is already a sibling of Hans
Hans is already a sibling of Grietje
Grietje is already a sibling of Hans
Hans is already a sibling of Grietje
Grietje is already a sibling of Hans
Hans is already a sibling of Grietje
Grietje is already a sibling of Hans
Hans is already a sibling of Grietje
Grietje is already a sibling of Hans
Hans is already a sibling of Grietje
Grietje is already a sibling of Hans
Hans is already a sibling of Grietje
Grietje is already a sibling of Hans
Hans is already a sibling of Grietje
Grietje is already a sibling of Hans
Hans is already a sibling of Grietje
Grietje is already a sibling of Hans
Hans is already a sibling of Grietje
Grietje is already a sibling of Hans
Hans is already a sibling of Grietje
Grietje is already a sibling of Hans
Hans is already a sibling of Grietje
Grietje is already a sibling of Hans
Hans is already a sibling of Grietje
Grietje is already a sibling of Hans
Hans is already a sibling of Grietje
Grietje is already a sibling of Hans
Hans is already a sibling of Grietje
Grietje is already a sibling of Hans
Hans is already a sibling of Grietje
Grietje is already a sibling of Hans
Hans is already a sibling of Grietje
Grietje is already a sibling of Hans
Hans is already a sibling of Grietje
Grietje is already a sibling of Hans
Hans is already a sibling of Grietje
Grietje is already a sibling of Hans
Hans is already a sibling of Grietje
Grietje is already a sibling of Hans
Hans is already a sibling of Grietje
Grietje is already a sibling of Hans
Hans is already a sibling of Grietje
Grietje is already a sibling of Hans
Hans is already a sibling of Grietje
Grietje is already a sibling of Hans
Hans is already a sibling of Grietje
Grietje is already a sibling of Hans
Hans is already a sibling of Grietje
Grietje is already a sibling of Hans
Hans is already a sibling of Grietje
Grietje is already a sibling of Hans
Hans is already a sibling of Grietje
Grietje is already a sibling of Hans
Hans is already a sibling of Grietje
Grietje is already a sibling of Hans
Hans is already a sibling of Grietje
Grietje is already a sibling of Hans
Hans is already a sibling of Grietje
Grietje is already a sibling of Hans
Hans is already a sibling of Grietje
Grietje is already a sibling of Hans
Hans is already a sibling of Grietje
Grietje is already a sibling of Hans
Hans is already a sibling of Grietje
Grietje is already a sibling of Hans
Hans is already a sibling of Grietje
Grietje is already a sibling of Hans
Hans is already a sibling of Grietje
Grietje is already a sibling of Hans
Hans is already a sibling of Grietje
Grietje is already a sibling of Hans
Hans is already a sibling of Grietje
Grietje is already a sibling of Hans
Hans is already a sibling of Grietje
Grietje is already a sibling of Hans
Hans is already a sibling of Grietje
Grietje is already a sibling of Hans
Hans is already a sibling of Grietje
Grietje is already a sibling of Hans
Hans is already a sibling of Grietje
Grietje is already a sibling of Hans
Hans is already a sibling of Grietje
Grietje is already a sibling of Hans
Hans is already a sibling of Grietje
Grietje is already a sibling of Hans
Hans is already a sibling of Grietje
Grietje is already a sibling of Hans
Hans is already a sibling of Grietje
Grietje is already a sibling of Hans
Hans is already a sibling of Grietje
Grietje is already a sibling of Hans
Hans is already a sibling of Grietje
Grietje is already a sibling of Hans
Hans is already a sibling of Grietje
Grietje is already a sibling of Hans
Hans is already a sibling of Grietje
Grietje is already a sibling of Hans
Hans is already a sibling of Grietje
Grietje is already a sibling of Hans
Hans is already a sibling of Grietje
Grietje is already a sibling of Hans
Hans is already a sibling of Grietje
Grietje is already a sibling of Hans
Hans is already a sibling of Grietje
Grietje is already a sibling of Hans
Hans is already a sibling of Grietje
Grietje is already a sibling of Hans
Hans is already a sibling of Grietje
Grietje is already a sibling of Hans
Hans is already a sibling of Grietje
Grietje is already a sibling of Hans
Hans is already a sibling of Grietje
Grietje is already a sibling of Hans
Hans is already a sibling of Grietje
Grietje is already a sibling of Hans
Hans is already a sibling of Grietje
Grietje is already a sibling of Hans
Hans is already a sibling of Grietje
Grietje is already a sibling of Hans
Hans is already a sibling of Grietje
Grietje is already a sibling of Hans
Hans is already a sibling of Grietje
Grietje is already a sibling of Hans
Hans is already a sibling of Grietje
Grietje is already a sibling of Hans
Hans is already a sibling of Grietje
Grietje is already a sibling of Hans
Hans is already a sibling of Grietje
Grietje is already a sibling of Hans
Hans is already a sibling of Grietje
Grietje is already a sibling of Hans
Hans is already a sibling of Grietje
Grietje is already a sibling of Hans
Hans is already a sibling of Grietje
Grietje is already a sibling of Hans
Hans is already a sibling of Grietje
Grietje is already a sibling of Hans
Hans is already a sibling of Grietje
Grietje is already a sibling of Hans
Hans is already a sibling of Grietje
Grietje is already a sibling of Hans
Hans is already a sibling of Grietje
Grietje is already a sibling of Hans
Hans is already a sibling of Grietje
Grietje is already a sibling of Hans
Hans is already a sibling of Grietje
Grietje is already a sibling of Hans
Hans is already a sibling of Grietje
Grietje is already a sibling of Hans
Hans is already a sibling of Grietje
Grietje is already a sibling of Hans
Hans is already a sibling of Grietje
Grietje is already a sibling of Hans
Hans is already a sibling of Grietje
Grietje is already a sibling of Hans
Hans is already a sibling of Grietje
Grietje is already a sibling of Hans
Hans is already a sibling of Grietje
Grietje is already a sibling of Hans
Hans is already a sibling of Grietje
Grietje is already a sibling of Hans
Hans is already a sibling of Grietje
Grietje is already a sibling of Hans
Hans is already a sibling of Grietje
Grietje is already a sibling of Hans
Hans is already a sibling of Grietje
Grietje is already a sibling of Hans
Hans is already a sibling of Grietje
Grietje is already a sibling of Hans
Hans is already a sibling of Grietje
Grietje is already a sibling of Hans
Hans is already a sibling of Grietje
Grietje is already a sibling of Hans
Hans is already a sibling of Grietje
Grietje is already a sibling of Hans
Hans is already a sibling of Grietje
Grietje is already a sibling of Hans
Hans is already a sibling of Grietje
Grietje is already a sibling of Hans
Hans is already a sibling of Grietje
Grietje is already a sibling of Hans
Hans is already a sibling of Grietje
Grietje is already a sibling of Hans
Hans is already a sibling of Grietje
Grietje is already a sibling of Hans
Hans is already a sibling of Grietje
Grietje is already a sibling of Hans
Hans is already a sibling of Grietje
Grietje is already a sibling of Hans
Hans is already a sibling of Grietje
Grietje is already a sibling of Hans
Hans is already a sibling of Grietje
Grietje is already a sibling of Hans
Hans is already a sibling of Grietje
Grietje is already a sibling of Hans
Hans is already a sibling of Grietje
Grietje is already a sibling of Hans
Hans is already a sibling of Grietje
Grietje is already a sibling of Hans
Hans is already a sibling of Grietje
Grietje is already a sibling of Hans
Hans is already a sibling of Grietje
Grietje is already a sibling of Hans
Hans is already a sibling of Grietje
Grietje is already a sibling of Hans
Hans is already a sibling of Grietje
Grietje is already a sibling of Hans
Hans is already a sibling of Grietje
Grietje is already a sibling of Hans
Hans is already a sibling of Grietje
Grietje is already a sibling of Hans
Hans is already a sibling of Grietje
Grietje is already a sibling of Hans
Hans is already a sibling of Grietje
Grietje is already a sibling of Hans
Hans is already a sibling of Grietje
Grietje is already a sibling of Hans
Hans is already a sibling of Grietje
Grietje is already a sibling of Hans
Hans is already a sibling of Grietje
Grietje is already a sibling of Hans
Hans is already a sibling of Grietje
Grietje is already a sibling of Hans
Hans is already a sibling of Grietje
Grietje is already a sibling of Hans
Hans is already a sibling of Grietje
Grietje is already a sibling of Hans
Hans is already a sibling of Grietje
Grietje is already a sibling of Hans
Hans is already a sibling of Grietje
Grietje is already a sibling of Hans
Hans is already a sibling of Grietje
Grietje is already a sibling of Hans
Hans is already a sibling of Grietje
Grietje is already a sibling of Hans
Hans is already a sibling of Grietje
Grietje is already a sibling of Hans
Hans is already a sibling of Grietje
Grietje is already a sibling of Hans
Hans is already a sibling of Grietje
Grietje is already a sibling of Hans
Hans is already a sibling of Grietje
Grietje is already a sibling of Hans
Hans is already a sibling of Grietje
Grietje is already a sibling of Hans
Hans is already a sibling of Grietje
Grietje is already a sibling of Hans
Hans is already a sibling of Grietje
Grietje is already a sibling of Hans
Hans is already a sibling of Grietje
Grietje is already a sibling of Hans
Hans is already a sibling of Grietje
Grietje is already a sibling of Hans
Hans is already a sibling of Grietje
Grietje is already a sibling of Hans
Hans is already a sibling of Grietje
Grietje is already a sibling of Hans
Hans is already a sibling of Grietje
Grietje is already a sibling of Hans
Hans is already a sibling of Grietje
Grietje is already a sibling of Hans
Hans is already a sibling of Grietje
Grietje is already a sibling of Hans
Hans is already a sibling of Grietje
Grietje is already a sibling of Hans
Hans is already a sibling of Grietje
Grietje is already a sibling of Hans
Hans is already a sibling of Grietje
Grietje is already a sibling of Hans
Hans is already a sibling of Grietje
Grietje is already a sibling of Hans
Hans is already a sibling of Grietje
Grietje is already a sibling of Hans
Hans is already a sibling of Grietje
Grietje is already a sibling of Hans
Hans is already a sibling of Grietje
Grietje is already a sibling of Hans
Hans is already a sibling of Grietje
Grietje is already a sibling of Hans
Hans is already a sibling of Grietje
Grietje is already a sibling of Hans
Hans is already a sibling of Grietje
Grietje is already a sibling of Hans
Hans is already a sibling of Grietje
Grietje is already a sibling of Hans
Hans is already a sibling of Grietje
Grietje is already a sibling of Hans
Hans is already a sibling of Grietje
Grietje is already a sibling of Hans
Hans is already a sibling of Grietje
Grietje is already a sibling of Hans
Hans is already a sibling of Grietje
Grietje is already a sibling of Hans
Hans is already a sibling of Grietje
Grietje is already a sibling of Hans
Hans is already a sibling of Grietje
Grietje is already a sibling of Hans
Hans is already a sibling of Grietje
Grietje is already a sibling of Hans
Hans is already a sibling of Grietje
Grietje is already a sibling of Hans
Hans is already a sibling of Grietje
Grietje is already a sibling of Hans
Hans is already a sibling of Grietje
Grietje is already a sibling of Hans
Hans is already a sibling of Grietje
Grietje is already a sibling of Hans
Hans is already a sibling of Grietje
Grietje is already a sibling of Hans
Hans is already a sibling of Grietje
Grietje is already a sibling of Hans
Hans is already a sibling of Grietje
Grietje is already a sibling of Hans
Hans is already a sibling of Grietje
Grietje is already a sibling of Hans
Hans is already a sibling of Grietje
Grietje is already a sibling of Hans
Hans is already a sibling of Grietje
Grietje is already a sibling of Hans
Hans is already a sibling of Grietje
Grietje is already a sibling of Hans
Hans is already a sibling of Grietje
Grietje is already a sibling of Hans
Hans is already a sibling of Grietje
Grietje is already a sibling of Hans
Hans is already a sibling of Grietje
Grietje is already a sibling of Hans
Hans is already a sibling of Grietje
Grietje is already a sibling of Hans
Hans is already a sibling of Grietje
Grietje is already a sibling of Hans
Hans is already a sibling of Grietje
Grietje is already a sibling of Hans
Hans is already a sibling of Grietje
Grietje is already a sibling of Hans
Hans is already a sibling of Grietje
Grietje is already a sibling of Hans
Hans is already a sibling of Grietje
Grietje is already a sibling of Hans
Hans is already a sibling of Grietje
Grietje is already a sibling of Hans
Hans is already a sibling of Grietje
Grietje is already a sibling of Hans
Hans is already a sibling of Grietje
Grietje is already a sibling of Hans
Hans is already a sibling of Grietje
Grietje is already a sibling of Hans
Hans is already a sibling of Grietje
Grietje is already a sibling of Hans
Hans is already a sibling of Grietje
Grietje is already a sibling of Hans
Hans is already a sibling of Grietje
Grietje is already a sibling of Hans
Hans is already a sibling of Grietje
Grietje is already a sibling of Hans
Hans is already a sibling of Grietje
Grietje is already a sibling of Hans
Hans is already a sibling of Grietje
Grietje is already a sibling of Hans
Hans is already a sibling of Grietje
Grietje is already a sibling of Hans
Hans is already a sibling of Grietje
Grietje is already a sibling of Hans
Hans is already a sibling of Grietje
Grietje is already a sibling of Hans
Hans is already a sibling of Grietje
Grietje is already a sibling of Hans
Hans is already a sibling of Grietje
Grietje is already a sibling of Hans
Hans is already a sibling of Grietje
Grietje is already a sibling of Hans
Hans is already a sibling of Grietje
Grietje is already a sibling of Hans
Hans is already a sibling of Grietje
Grietje is already a sibling of Hans
Hans is already a sibling of Grietje
Grietje is already a sibling of Hans
Hans is already a sibling of Grietje
Grietje is already a sibling of Hans
Hans is already a sibling of Grietje
Grietje is already a sibling of Hans
Hans is already a sibling of Grietje
Grietje is already a sibling of Hans
Hans is already a sibling of Grietje
Grietje is already a sibling of Hans
Hans is already a sibling of Grietje
Grietje is already a sibling of Hans
Hans is already a sibling of Grietje
Grietje is already a sibling of Hans
Hans is already a sibling of Grietje
Grietje is already a sibling of Hans
Hans is already a sibling of Grietje
Grietje is already a sibling of Hans
Hans is already a sibling of Grietje
Grietje is already a sibling of Hans
Hans is already a sibling of Grietje
Grietje is already a sibling of Hans
Hans is already a sibling of Grietje
Grietje is already a sibling of Hans
Hans is already a sibling of Grietje
Grietje is already a sibling of Hans
Hans is already a sibling of Grietje
Grietje is already a sibling of Hans
Hans is already a sibling of Grietje
Grietje is already a sibling of Hans
Hans is already a sibling of Grietje
Grietje is already a sibling of Hans
Hans is already a sibling of Grietje
Grietje is already a sibling of Hans
Hans is already a sibling of Grietje
Grietje is already a sibling of Hans
Hans is already a sibling of Grietje
Grietje is already a sibling of Hans
Hans is already a sibling of Grietje
Grietje is already a sibling of Hans
Hans is already a sibling of Grietje
Grietje is already a sibling of Hans
Hans is already a sibling of Grietje
Grietje is already a sibling of Hans
Hans is already a sibling of Grietje
Grietje is already a sibling of Hans
Hans is already a sibling of Grietje
Grietje is already a sibling of Hans
Hans is already a sibling of Grietje
Grietje is already a sibling of Hans
Hans is already a sibling of Grietje
Grietje is already a sibling of Hans
Hans is already a sibling of Grietje
Grietje is already a sibling of Hans
Hans is already a sibling of Grietje
Grietje is already a sibling of Hans
Hans is already a sibling of Grietje
Grietje is already a sibling of Hans
Hans is already a sibling of Grietje
Grietje is already a sibling of Hans
Hans is already a sibling of Grietje
Grietje is already a sibling of Hans
Hans is already a sibling of Grietje
Grietje is already a sibling of Hans
Hans is already a sibling of Grietje
Grietje is already a sibling of Hans
Hans is already a sibling of Grietje
Grietje is already a sibling of Hans
Hans is already a sibling of Grietje
Grietje is already a sibling of Hans
Hans is already a sibling of Grietje
Grietje is already a sibling of Hans
Hans is already a sibling of Grietje
Grietje is already a sibling of Hans
Hans is already a sibling of Grietje
Grietje is already a sibling of Hans
Hans is already a sibling of Grietje
Grietje is already a sibling of Hans
Hans is already a sibling of Grietje
Grietje is already a sibling of Hans
Hans is already a sibling of Grietje
Grietje is already a sibling of Hans
Hans is already a sibling of Grietje
Grietje is already a sibling of Hans
Hans is already a sibling of Grietje
Grietje is already a sibling of Hans
Hans is already a sibling of Grietje
Grietje is already a sibling of Hans
Hans is already a sibling of Grietje
Grietje is already a sibling of Hans
Hans is already a sibling of Grietje
Grietje is already a sibling of Hans
Hans is already a sibling of Grietje
Grietje is already a sibling of Hans
Hans is already a sibling of Grietje
Grietje is already a sibling of Hans
Hans is already a sibling of Grietje
Grietje is already a sibling of Hans
Hans is already a sibling of Grietje
Grietje is already a sibling of Hans
Hans is already a sibling of Grietje
Grietje is already a sibling of Hans
Hans is already a sibling of Grietje
Grietje is already a sibling of Hans
Hans is already a sibling of Grietje
Grietje is already a sibling of Hans
Hans is already a sibling of Grietje
Grietje is already a sibling of Hans
Hans is already a sibling of Grietje
Grietje is already a sibling of Hans
Hans is already a sibling of Grietje
Grietje is already a sibling of Hans
Hans is already a sibling of Grietje
Grietje is already a sibling of Hans
Hans is already a sibling of Grietje
Grietje is already a sibling of Hans
Hans is already a sibling of Grietje
Grietje is already a sibling of Hans
Hans is already a sibling of Grietje
Grietje is already a sibling of Hans
Hans is already a sibling of Grietje
Grietje is already a sibling of Hans
Hans is already a sibling of Grietje
Grietje is already a sibling of Hans
Hans is already a sibling of Grietje
Grietje is already a sibling of Hans
Hans is already a sibling of Grietje
Grietje is already a sibling of Hans
Hans is already a sibling of Grietje
Grietje is already a sibling of Hans
Hans is already a sibling of Grietje
Grietje is already a sibling of Hans
Hans is already a sibling of Grietje
Grietje is already a sibling of Hans
Hans is already a sibling of Grietje
Grietje is already a sibling of Hans
Hans is already a sibling of Grietje
Grietje is already a sibling of Hans
Hans is already a sibling of Grietje
Grietje is already a sibling of Hans
Hans is already a sibling of Grietje
Grietje is already a sibling of Hans
Hans is already a sibling of Grietje
Grietje is already a sibling of Hans
Hans is already a sibling of Grietje
Grietje is already a sibling of Hans
Hans is already a sibling of Grietje
Grietje is already a sibling of Hans
Hans is already a sibling of Grietje
Grietje is already a sibling of Hans
Hans is already a sibling of Grietje
Grietje is already a sibling of Hans
Hans is already a sibling of Grietje
Grietje is already a sibling of Hans
Hans is already a sibling of Grietje
Grietje is already a sibling of Hans
Hans is already a sibling of Grietje
Grietje is already a sibling of Hans
Hans is already a sibling of Grietje
Grietje is already a sibling of Hans
Hans is already a sibling of Grietje
Grietje is already a sibling of Hans
Hans is already a sibling of Grietje
Grietje is already a sibling of Hans
Hans is already a sibling of Grietje
Grietje is already a sibling of Hans
Hans is already a sibling of Grietje
Grietje is already a sibling of Hans
Hans is already a sibling of Grietje
Grietje is already a sibling of Hans
Hans is already a sibling of Grietje
Grietje is already a sibling of Hans
Hans is already a sibling of Grietje
Grietje is already a sibling of Hans
Hans is already a sibling of Grietje
Grietje is already a sibling of Hans
Hans is already a sibling of Grietje
Grietje is already a sibling of Hans
Hans is already a sibling of Grietje
Grietje is already a sibling of Hans
Hans is already a sibling of Grietje
Grietje is already a sibling of Hans
Hans is already a sibling of Grietje
Grietje is already a sibling of Hans
Hans is already a sibling of Grietje
Grietje is already a sibling of Hans
Hans is already a sibling of Grietje
Grietje is already a sibling of Hans
Hans is already a sibling of Grietje
Grietje is already a sibling of Hans
Hans is already a sibling of Grietje
Grietje is already a sibling of Hans
Hans is already a sibling of Grietje
Grietje is already a sibling of Hans
Hans is already a sibling of Grietje
Grietje is already a sibling of Hans
Hans is already a sibling of Grietje
Grietje is already a sibling of Hans
Hans is already a sibling of Grietje
Grietje is already a sibling of Hans
Hans is already a sibling of Grietje
Grietje is already a sibling of Hans
Hans is already a sibling of Grietje
Grietje is already a sibling of Hans
Hans is already a sibling of Grietje
Grietje is already a sibling of Hans
Hans is already a sibling of Grietje
Grietje is already a sibling of Hans
Hans is already a sibling of Grietje
Grietje is already a sibling of Hans
Hans is already a sibling of Grietje
Grietje is already a sibling of Hans
Hans is already a sibling of Grietje
Grietje is already a sibling of Hans
Hans is already a sibling of Grietje
Grietje is already a sibling of Hans
Hans is already a sibling of Grietje
Grietje is already a sibling of Hans
Hans is already a sibling of Grietje
Grietje is already a sibling of Hans
Hans is already a sibling of Grietje
Grietje is already a sibling of Hans
Hans is already a sibling of Grietje
Grietje is already a sibling of Hans
Hans is already a sibling of Grietje
Grietje is already a sibling of Hans
Hans is already a sibling of Grietje
Grietje is already a sibling of Hans
Hans is already a sibling of Grietje
Grietje is already a sibling of Hans
Hans is already a sibling of Grietje
Grietje is already a sibling of Hans
Hans is already a sibling of Grietje
Grietje is already a sibling of Hans
Hans is already a sibling of Grietje
Grietje is already a sibling of Hans
Hans is already a sibling of Grietje
Grietje is already a sibling of Hans
Hans is already a sibling of Grietje
Grietje is already a sibling of Hans
Hans is already a sibling of Grietje
Grietje is already a sibling of Hans
Hans is already a sibling of Grietje
Grietje is already a sibling of Hans
Hans is already a sibling of Grietje
Grietje is already a sibling of Hans
Hans is already a sibling of Grietje
Grietje is already a sibling of Hans
Hans is already a sibling of Grietje
Grietje is already a sibling of Hans
Hans is already a sibling of Grietje
Grietje is already a sibling of Hans
Hans is already a sibling of Grietje
Grietje is already a sibling of Hans
Hans is already a sibling of Grietje
Grietje is already a sibling of Hans
Hans is already a sibling of Grietje
Grietje is already a sibling of Hans
Hans is already a sibling of Grietje
Grietje is already a sibling of Hans
Hans is already a sibling of Grietje
Grietje is already a sibling of Hans
Hans is already a sibling of Grietje
Grietje is already a sibling of Hans
Hans is already a sibling of Grietje
Grietje is already a sibling of Hans
Hans is already a sibling of Grietje
Grietje is already a sibling of Hans
Hans is already a sibling of Grietje
Grietje is already a sibling of Hans
Hans is already a sibling of Grietje
Grietje is already a sibling of Hans
Hans is already a sibling of Grietje
Grietje is already a sibling of Hans
Hans is already a sibling of Grietje
Grietje is already a sibling of Hans
Hans is already a sibling of Grietje
Grietje is already a sibling of Hans
Hans is already a sibling of Grietje
Grietje is already a sibling of Hans
Hans is already a sibling of Grietje
Grietje is already a sibling of Hans
Hans is already a sibling of Grietje
Grietje is already a sibling of Hans
Hans is already a sibling of Grietje
Grietje is already a sibling of Hans
Hans is already a sibling of Grietje
Grietje is already a sibling of Hans
Hans is already a sibling of Grietje
Grietje is already a sibling of Hans
Hans is already a sibling of Grietje
Grietje is already a sibling of Hans
Hans is already a sibling of Grietje
Grietje is already a sibling of Hans
Hans is already a sibling of Grietje
Grietje is already a sibling of Hans
Hans is already a sibling of Grietje
Grietje is already a sibling of Hans
Hans is already a sibling of Grietje
Grietje is already a sibling of Hans
Hans is already a sibling of Grietje
Grietje is already a sibling of Hans
Hans is already a sibling of Grietje
Grietje is already a sibling of Hans
Hans is already a sibling of Grietje
Grietje is already a sibling of Hans
Hans is already a sibling of Grietje
Grietje is already a sibling of Hans
Hans is already a sibling of Grietje
Grietje is already a sibling of Hans
Hans is already a sibling of Grietje
Grietje is already a sibling of Hans
Hans is already a sibling of Grietje
Grietje is already a sibling of Hans
Hans is already a sibling of Grietje
Grietje is already a sibling of Hans
Hans is already a sibling of Grietje
Grietje is already a sibling of Hans
Hans is already a sibling of Grietje
Grietje is already a sibling of Hans
Hans is already a sibling of Grietje
Grietje is already a sibling of Hans
Hans is already a sibling of Grietje
Grietje is already a sibling of Hans
Hans is already a sibling of Grietje
Grietje is already a sibling of Hans
Hans is already a sibling of Grietje
Grietje is already a sibling of Hans
Hans is already a sibling of Grietje
Grietje is already a sibling of Hans
Hans is already a sibling of Grietje
Grietje is already a sibling of Hans
Hans is already a sibling of Grietje
Grietje is already a sibling of Hans
Hans is already a sibling of Grietje
Grietje is already a sibling of Hans
Hans is already a sibling of Grietje
Grietje is already a sibling of Hans
Hans is already a sibling of Grietje
Grietje is already a sibling of Hans
Hans is already a sibling of Grietje
Grietje is already a sibling of Hans
Hans is already a sibling of Grietje
Grietje is already a sibling of Hans
Hans is already a sibling of Grietje
Grietje is already a sibling of Hans
Hans is already a sibling of Grietje
Grietje is already a sibling of Hans
Hans is already a sibling of Grietje
Grietje is already a sibling of Hans
Hans is already a sibling of Grietje
Grietje is already a sibling of Hans
Hans is already a sibling of Grietje
Grietje is already a sibling of Hans
Hans is already a sibling of Grietje
Grietje is already a sibling of Hans
Hans is already a sibling of Grietje
Grietje is already a sibling of Hans
Hans is already a sibling of Grietje
Grietje is already a sibling of Hans
Hans is already a sibling of Grietje
Grietje is already a sibling of Hans
Hans is already a sibling of Grietje
Grietje is already a sibling of Hans
Hans is already a sibling of Grietje
Grietje is already a sibling of Hans
Hans is already a sibling of Grietje
Grietje is already a sibling of Hans
Hans is already a sibling of Grietje
Grietje is already a sibling of Hans
Hans is already a sibling of Grietje
Grietje is already a sibling of Hans
Hans is already a sibling of Grietje
Grietje is already a sibling of Hans
Hans is already a sibling of Grietje
Grietje is already a sibling of Hans
Hans is already a sibling of Grietje
Grietje is already a sibling of Hans
Hans is already a sibling of Grietje
Grietje is already a sibling of Hans
Hans is already a sibling of Grietje
Grietje is already a sibling of Hans
Hans is already a sibling of Grietje
Grietje is already a sibling of Hans
Hans is already a sibling of Grietje
Grietje is already a sibling of Hans
Hans is already a sibling of Grietje
Grietje is already a sibling of Hans
Hans is already a sibling of Grietje
Grietje is already a sibling of Hans
Hans is already a sibling of Grietje
Grietje is already a sibling of Hans
Hans is already a sibling of Grietje
Grietje is already a sibling of Hans
Hans is already a sibling of Grietje
Grietje is already a sibling of Hans
Hans is already a sibling of Grietje
Grietje is already a sibling of Hans
Hans is already a sibling of Grietje
Grietje is already a sibling of Hans
Hans is already a sibling of Grietje
Grietje is already a sibling of Hans
Hans is already a sibling of Grietje
Grietje is already a sibling of Hans
Hans is already a sibling of Grietje
Grietje is already a sibling of Hans
Hans is already a sibling of Grietje
Grietje is already a sibling of Hans
Hans is already a sibling of Grietje
Grietje is already a sibling of Hans
Hans is already a sibling of Grietje
Grietje is already a sibling of Hans
Hans is already a sibling of Grietje
Grietje is already a sibling of Hans
Hans is already a sibling of Grietje
Grietje is already a sibling of Hans
Hans is already a sibling of Grietje
Grietje is already a sibling of Hans
Hans is already a sibling of Grietje
Grietje is already a sibling of Hans
Hans is already a sibling of Grietje
Grietje is already a sibling of Hans
Hans is already a sibling of Grietje
Grietje is already a sibling of Hans
Hans is already a sibling of Grietje
Grietje is already a sibling of Hans
Hans is already a sibling of Grietje
Grietje is already a sibling of Hans
Hans is already a sibling of Grietje
Grietje is already a sibling of Hans
Hans is already a sibling of Grietje
Grietje is already a sibling of Hans
Hans is already a sibling of Grietje
Grietje is already a sibling of Hans
Hans is already a sibling of Grietje
Grietje is already a sibling of Hans
Hans is already a sibling of Grietje
Grietje is already a sibling of Hans
Hans is already a sibling of Grietje
Grietje is already a sibling of Hans
Hans is already a sibling of Grietje
Grietje is already a sibling of Hans
Hans is already a sibling of Grietje
Grietje is already a sibling of Hans
Hans is already a sibling of Grietje
Grietje is already a sibling of Hans
Hans is already a sibling of Grietje
Grietje is already a sibling of Hans
Hans is already a sibling of Grietje
Grietje is already a sibling of Hans
Hans is already a sibling of Grietje
Grietje is already a sibling of Hans
Hans is already a sibling of Grietje
Grietje is already a sibling of Hans
Hans is already a sibling of Grietje
Grietje is already a sibling of Hans
Hans is already a sibling of Grietje
Grietje is already a sibling of Hans
Hans is already a sibling of Grietje
Grietje is already a sibling of Hans
Hans is already a sibling of Grietje
Grietje is already a sibling of Hans
Hans is already a sibling of Grietje
Grietje is already a sibling of Hans
Hans is already a sibling of Grietje
Grietje is already a sibling of Hans
Hans is already a sibling of Grietje
Grietje is already a sibling of Hans
Hans is already a sibling of Grietje
Grietje is already a sibling of Hans
Hans is already a sibling of Grietje
Grietje is already a sibling of Hans
Hans is already a sibling of Grietje
Grietje is already a sibling of Hans
Hans is already a sibling of Grietje
Grietje is already a sibling of Hans
Hans is already a sibling of Grietje
Grietje is already a sibling of Hans
Hans is already a sibling of Grietje
Grietje is already a sibling of Hans
Hans is already a sibling of Grietje
Grietje is already a sibling of Hans
Hans is already a sibling of Grietje
Grietje is already a sibling of Hans
Hans is already a sibling of Grietje
Grietje is already a sibling of Hans
Hans is already a sibling of Grietje
Grietje is already a sibling of Hans
Hans is already a sibling of Grietje
Grietje is already a sibling of Hans
Hans is already a sibling of Grietje
Grietje is already a sibling of Hans
Hans is already a sibling of Grietje
Grietje is already a sibling of Hans
Hans is already a sibling of Grietje
Grietje is already a sibling of Hans
Hans is already a sibling of Grietje
Grietje is already a sibling of Hans
Hans is already a sibling of Grietje
Grietje is already a sibling of Hans
Hans is already a sibling of Grietje
Grietje is already a sibling of Hans
Hans is already a sibling of Grietje
Grietje is already a sibling of Hans
Hans is already a sibling of Grietje
Grietje is already a sibling of Hans
Hans is already a sibling of Grietje
Grietje is already a sibling of Hans
Hans is already a sibling of Grietje
Grietje is already a sibling of Hans
Hans is already a sibling of Grietje
Grietje is already a sibling of Hans
Hans is already a sibling of Grietje
Grietje is already a sibling of Hans
Hans is already a sibling of Grietje
Grietje is already a sibling of Hans
Hans is already a sibling of Grietje
Grietje is already a sibling of Hans
Hans is already a sibling of Grietje
Grietje is already a sibling of Hans
Hans is already a sibling of Grietje
Grietje is already a sibling of Hans
Hans is already a sibling of Grietje
Grietje is already a sibling of Hans
Hans is already a sibling of Grietje
Grietje is already a sibling of Hans
Hans is already a sibling of Grietje
Grietje is already a sibling of Hans
Hans is already a sibling of Grietje
Grietje is already a sibling of Hans
Hans is already a sibling of Grietje
Grietje is already a sibling of Hans
Hans is already a sibling of Grietje
Grietje is already a sibling of Hans
Hans is already a sibling of Grietje
Grietje is already a sibling of Hans
Hans is already a sibling of Grietje
Grietje is already a sibling of Hans
Hans is already a sibling of Grietje
Grietje is already a sibling of Hans
Hans is already a sibling of Grietje
Grietje is already a sibling of Hans
Hans is already a sibling of Grietje
Grietje is already a sibling of Hans
Hans is already a sibling of Grietje
Grietje is already a sibling of Hans
Hans is already a sibling of Grietje
Grietje is already a sibling of Hans
Hans is already a sibling of Grietje
Grietje is already a sibling of Hans
Hans is already a sibling of Grietje
Grietje is already a sibling of Hans
Hans is already a sibling of Grietje
Grietje is already a sibling of Hans
Hans is already a sibling of Grietje
Grietje is already a sibling of Hans
Hans is already a sibling of Grietje
Grietje is already a sibling of Hans
Hans is already a sibling of Grietje
Grietje is already a sibling of Hans
Hans is already a sibling of Grietje
Grietje is already a sibling of Hans
Hans is already a sibling of Grietje
Grietje is already a sibling of Hans
Hans is already a sibling of Grietje
Grietje is already a sibling of Hans
Hans is already a sibling of Grietje
Grietje is already a sibling of Hans
Hans is already a sibling of Grietje
Grietje is already a sibling of Hans
Hans is already a sibling of Grietje
Grietje is already a sibling of Hans
Hans is already a sibling of Grietje
Grietje is already a sibling of Hans
Hans is already a sibling of Grietje
Grietje is already a sibling of Hans
Hans is already a sibling of Grietje
Grietje is already a sibling of Hans
Hans is already a sibling of Grietje
Grietje is already a sibling of Hans
Hans is already a sibling of Grietje
Grietje is already a sibling of Hans
Hans is already a sibling of Grietje
Grietje is already a sibling of Hans
Hans is already a sibling of Grietje
Grietje is already a sibling of Hans
Hans is already a sibling of Grietje
Grietje is already a sibling of Hans
Hans is already a sibling of Grietje
Grietje is already a sibling of Hans
Hans is already a sibling of Grietje
Grietje is already a sibling of Hans
Hans is already a sibling of Grietje
Grietje is already a sibling of Hans
Hans is already a sibling of Grietje
Grietje is already a sibling of Hans
Hans is already a sibling of Grietje
Grietje is already a sibling of Hans
Hans is already a sibling of Grietje
Grietje is already a sibling of Hans
Hans is already a sibling of Grietje
Grietje is already a sibling of Hans
Hans is already a sibling of Grietje
Grietje is already a sibling of Hans
Hans is already a sibling of Grietje
Grietje is already a sibling of Hans
Hans is already a sibling of Grietje
Grietje is already a sibling of Hans
Hans is already a sibling of Grietje
Grietje is already a sibling of Hans
Hans is already a sibling of Grietje
Grietje is already a sibling of Hans
Hans is already a sibling of Grietje
Grietje is already a sibling of Hans
Hans is already a sibling of Grietje
Grietje is already a sibling of Hans
Hans is already a sibling of Grietje
Grietje is already a sibling of Hans
Hans is already a sibling of Grietje
Grietje is already a sibling of Hans
Hans is already a sibling of Grietje
Grietje is already a sibling of Hans
Hans is already a sibling of Grietje
Grietje is already a sibling of Hans
Hans is already a sibling of Grietje
Grietje is already a sibling of Hans
Hans is already a sibling of Grietje
Grietje is already a sibling of Hans
Hans is already a sibling of Grietje
Grietje is already a sibling of Hans
Hans is already a sibling of Grietje
Grietje is already a sibling of Hans
Hans is already a sibling of Grietje
Grietje is already a sibling of Hans
Hans is already a sibling of Grietje
Grietje is already a sibling of Hans
Hans is already a sibling of Grietje
Grietje is already a sibling of Hans
Hans is already a sibling of Grietje
Grietje is already a sibling of Hans
Hans is already a sibling of Grietje
Grietje is already a sibling of Hans
Hans is already a sibling of Grietje
Grietje is already a sibling of Hans
Hans is already a sibling of Grietje
Grietje is already a sibling of Hans
Hans is already a sibling of Grietje
Grietje is already a sibling of Hans
Hans is already a sibling of Grietje
Grietje is already a sibling of Hans
Hans is already a sibling of Grietje
Grietje is already a sibling of Hans
Hans is already a sibling of Grietje
Grietje is already a sibling of Hans
Hans is already a sibling of Grietje
Grietje is already a sibling of Hans
Hans is already a sibling of Grietje
Grietje is already a sibling of Hans
Hans is already a sibling of Grietje
Grietje is already a sibling of Hans
Hans is already a sibling of Grietje
Grietje is already a sibling of Hans
Hans is already a sibling of Grietje
Grietje is already a sibling of Hans
Hans is already a sibling of Grietje
Grietje is already a sibling of Hans
Hans is already a sibling of Grietje
Grietje is already a sibling of Hans
Hans is already a sibling of Grietje
Grietje is already a sibling of Hans
Hans is already a sibling of Grietje
Grietje is already a sibling of Hans
Hans is already a sibling of Grietje
Grietje is already a sibling of Hans
Hans is already a sibling of Grietje
Grietje is already a sibling of Hans
Hans is already a sibling of Grietje
Grietje is already a sibling of Hans
Hans is already a sibling of Grietje
Grietje is already a sibling of Hans
Hans is already a sibling of Grietje
Grietje is already a sibling of Hans
Hans is already a sibling of Grietje
Grietje is already a sibling of Hans
Hans is already a sibling of Grietje
Grietje is already a sibling of Hans
Hans is already a sibling of Grietje
Grietje is already a sibling of Hans
Hans is already a sibling of Grietje
Grietje is already a sibling of Hans
Hans is already a sibling of Grietje
Grietje is already a sibling of Hans
Hans is already a sibling of Grietje
Grietje is already a sibling of Hans
Hans is already a sibling of Grietje
Grietje is already a sibling of Hans
Hans is already a sibling of Grietje
Grietje is already a sibling of Hans
Hans is already a sibling of Grietje
Grietje is already a sibling of Hans
Hans is already a sibling of Grietje
Grietje is already a sibling of Hans
Hans is already a sibling of Grietje
Grietje is already a sibling of Hans
Hans is already a sibling of Grietje
Grietje is already a sibling of Hans
Hans is already a sibling of Grietje
Grietje is already a sibling of Hans
Hans is already a sibling of Grietje
Grietje is already a sibling of Hans
Hans is already a sibling of Grietje
Grietje is already a sibling of Hans
Hans is already a sibling of Grietje
Grietje is already a sibling of Hans
Hans is already a sibling of Grietje
Grietje is already a sibling of Hans
Hans is already a sibling of Grietje
Grietje is already a sibling of Hans
Hans is already a sibling of Grietje
Grietje is already a sibling of Hans
Hans is already a sibling of Grietje
Grietje is already a sibling of Hans
Hans is already a sibling of Grietje
Grietje is already a sibling of Hans
Hans is already a sibling of Grietje
Grietje is already a sibling of Hans
Hans is already a sibling of Grietje
Grietje is already a sibling of Hans
Hans is already a sibling of Grietje
Grietje is already a sibling of Hans
Hans is already a sibling of Grietje
Grietje is already a sibling of Hans
Hans is already a sibling of Grietje
Grietje is already a sibling of Hans
Hans is already a sibling of Grietje
Grietje is already a sibling of Hans
Hans is already a sibling of Grietje
Grietje is already a sibling of Hans
Hans is already a sibling of Grietje
Grietje is already a sibling of Hans
Hans is already a sibling of Grietje
Grietje is already a sibling of Hans
Hans is already a sibling of Grietje
Grietje is already a sibling of Hans
Hans is already a sibling of Grietje
Grietje is already a sibling of Hans
Hans is already a sibling of Grietje
Grietje is already a sibling of Hans
Hans is already a sibling of Grietje
Grietje is already a sibling of Hans
Hans is already a sibling of Grietje
Grietje is already a sibling of Hans
Hans is already a sibling of Grietje
Grietje is already a sibling of Hans
Hans is already a sibling of Grietje
Grietje is already a sibling of Hans
Hans is already a sibling of Grietje
Grietje is already a sibling of Hans
Hans is already a sibling of Grietje
Grietje is already a sibling of Hans
Hans is already a sibling of Grietje
Grietje is already a sibling of Hans
Hans is already a sibling of Grietje
Grietje is already a sibling of Hans
Hans is already a sibling of Grietje
Grietje is already a sibling of Hans
Hans is already a sibling of Grietje
Grietje is already a sibling of Hans
Hans is already a sibling of Grietje
Grietje is already a sibling of Hans
Hans is already a sibling of Grietje
Grietje is already a sibling of Hans
Hans is already a sibling of Grietje
Grietje is already a sibling of Hans
Hans is already a sibling of Grietje
Grietje is already a sibling of Hans
Hans is already a sibling of Grietje
Grietje is already a sibling of Hans
Hans is already a sibling of Grietje
Grietje is already a sibling of Hans
Hans is already a sibling of Grietje
Grietje is already a sibling of Hans
Hans is already a sibling of Grietje
Grietje is already a sibling of Hans
Hans is already a sibling of Grietje
Grietje is already a sibling of Hans
Hans is already a sibling of Grietje
Grietje is already a sibling of Hans
Hans is already a sibling of Grietje
Grietje is already a sibling of Hans
Hans is already a sibling of Grietje
Grietje is already a sibling of Hans
Hans is already a sibling of Grietje
Grietje is already a sibling of Hans
Hans is already a sibling of Grietje
Grietje is already a sibling of Hans
Hans is already a sibling of Grietje
Grietje is already a sibling of Hans
Hans is already a sibling of Grietje
Grietje is already a sibling of Hans
Hans is already a sibling of Grietje
Grietje is already a sibling of Hans
Hans is already a sibling of Grietje
Grietje is already a sibling of Hans
Hans is already a sibling of Grietje
Grietje is already a sibling of Hans
Hans is already a sibling of Grietje
Grietje is already a sibling of Hans
Hans is already a sibling of Grietje
Grietje is already a sibling of Hans
Hans is already a sibling of Grietje
Grietje is already a sibling of Hans
Hans is already a sibling of Grietje
Grietje is already a sibling of Hans
Hans is already a sibling of Grietje
Grietje is already a sibling of Hans
Hans is already a sibling of Grietje
Grietje is already a sibling of Hans
Hans is already a sibling of Grietje
Grietje is already a sibling of Hans
Hans is already a sibling of Grietje
Grietje is already a sibling of Hans
Hans is already a sibling of Grietje
Grietje is already a sibling of Hans
Hans is already a sibling of Grietje
Grietje is already a sibling of Hans
Hans is already a sibling of Grietje
Grietje is already a sibling of Hans
Hans is already a sibling of Grietje
Grietje is already a sibling of Hans
Hans is already a sibling of Grietje
Grietje is already a sibling of Hans
Hans is already a sibling of Grietje
Grietje is already a sibling of Hans
Hans is already a sibling of Grietje
Grietje is already a sibling of Hans
Hans is already a sibling of Grietje
Grietje is already a sibling of Hans
Hans is already a sibling of Grietje
Grietje is already a sibling of Hans
Hans is already a sibling of Grietje
Grietje is already a sibling of Hans
Hans is already a sibling of Grietje
Grietje is already a sibling of Hans
Hans is already a sibling of Grietje
Grietje is already a sibling of Hans
Hans is already a sibling of Grietje
Grietje is already a sibling of Hans
Hans is already a sibling of Grietje
Grietje is already a sibling of Hans
Hans is already a sibling of Grietje
Grietje is already a sibling of Hans
Hans is already a sibling of Grietje
Grietje is already a sibling of Hans
Hans is already a sibling of Grietje
Grietje is already a sibling of Hans
Hans is already a sibling of Grietje
Grietje is already a sibling of Hans
Hans is already a sibling of Grietje
Grietje is already a sibling of Hans
Hans is already a sibling of Grietje
Grietje is already a sibling of Hans
Hans is already a sibling of Grietje
Grietje is already a sibling of Hans
Hans is already a sibling of Grietje
Grietje is already a sibling of Hans
Hans is already a sibling of Grietje
Grietje is already a sibling of Hans
Hans is already a sibling of Grietje
Grietje is already a sibling of Hans
Hans is already a sibling of Grietje
Grietje is already a sibling of Hans
Hans is already a sibling of Grietje
Grietje is already a sibling of Hans
Hans is already a sibling of Grietje
Grietje is already a sibling of Hans
Hans is already a sibling of Grietje
Grietje is already a sibling of Hans
Hans is already a sibling of Grietje
Grietje is already a sibling of Hans
Hans is already a sibling of Grietje
Grietje is already a sibling of Hans
Hans is already a sibling of Grietje
Grietje is already a sibling of Hans
Hans is already a sibling of Grietje
Grietje is already a sibling of Hans
Hans is already a sibling of Grietje
Grietje is already a sibling of Hans
Hans is already a sibling of Grietje
Grietje is already a sibling of Hans
Hans is already a sibling of Grietje
Grietje is already a sibling of Hans
Hans is already a sibling of Grietje
Grietje is already a sibling of Hans
Hans is already a sibling of Grietje
Grietje is already a sibling of Hans
Hans is already a sibling of Grietje
Grietje is already a sibling of Hans
Hans is already a sibling of Grietje
Grietje is already a sibling of Hans
Hans is already a sibling of Grietje
Grietje is already a sibling of Hans
Hans is already a sibling of Grietje
Grietje is already a sibling of Hans
Hans is already a sibling of Grietje
Grietje is already a sibling of Hans
Hans is already a sibling of Grietje
Grietje is already a sibling of Hans
Hans is already a sibling of Grietje
Grietje is already a sibling of Hans
Hans is already a sibling of Grietje
Grietje is already a sibling of Hans
Hans is already a sibling of Grietje
Grietje is already a sibling of Hans
Hans is already a sibling of Grietje
Grietje is already a sibling of Hans
Hans is already a sibling of Grietje
Grietje is already a sibling of Hans
Hans is already a sibling of Grietje
Grietje is already a sibling of Hans
Hans is already a sibling of Grietje
Grietje is already a sibling of Hans
Hans is already a sibling of Grietje
Grietje is already a sibling of Hans
Hans is already a sibling of Grietje
Grietje is already a sibling of Hans
Hans is already a sibling of Grietje
Grietje is already a sibling of Hans
Hans is already a sibling of Grietje
Grietje is already a sibling of Hans
Hans is already a sibling of Grietje
Grietje is already a sibling of Hans
Hans is already a sibling of Grietje
Grietje is already a sibling of Hans
Hans is already a sibling of Grietje
Grietje is already a sibling of Hans
Hans is already a sibling of Grietje
Grietje is already a sibling of Hans
Hans is already a sibling of Grietje
Grietje is already a sibling of Hans
Hans is already a sibling of Grietje
Grietje is already a sibling of Hans
Hans is already a sibling of Grietje
Grietje is already a sibling of Hans
Hans is already a sibling of Grietje
Grietje is already a sibling of Hans
Hans is already a sibling of Grietje
Grietje is already a sibling of Hans
Hans is already a sibling of Grietje
Grietje is already a sibling of Hans
Hans is already a sibling of Grietje
Grietje is already a sibling of Hans
Hans is already a sibling of Grietje
Grietje is already a sibling of Hans
Hans is already a sibling of Grietje
Grietje is already a sibling of Hans
Hans is already a sibling of Grietje
Grietje is already a sibling of Hans
Hans is already a sibling of Grietje
Grietje is already a sibling of Hans
Hans is already a sibling of Grietje
Grietje is already a sibling of Hans
Hans is already a sibling of Grietje
Grietje is already a sibling of Hans
Hans is already a sibling of Grietje
Grietje is already a sibling of Hans
Hans is already a sibling of Grietje
Grietje is already a sibling of Hans
Hans is already a sibling of Grietje
Grietje is already a sibling of Hans
Hans is already a sibling of Grietje
Grietje is already a sibling of Hans
Hans is already a sibling of Grietje
Grietje is already a sibling of Hans
Hans is already a sibling of Grietje
Grietje is already a sibling of Hans
Hans is already a sibling of Grietje
Grietje is already a sibling of Hans
Hans is already a sibling of Grietje
Grietje is already a sibling of Hans
Hans is already a sibling of Grietje
Grietje is already a sibling of Hans
Hans is already a sibling of Grietje
Grietje is already a sibling of Hans
Hans is already a sibling of Grietje
Grietje is already a sibling of Hans
Hans is already a sibling of Grietje
Grietje is already a sibling of Hans
Hans is already a sibling of Grietje
Grietje is already a sibling of Hans
Hans is already a sibling of Grietje
Grietje is already a sibling of Hans
Hans is already a sibling of Grietje
Grietje is already a sibling of Hans
Hans is already a sibling of Grietje
Grietje is already a sibling of Hans
Hans is already a sibling of Grietje
Grietje is already a sibling of Hans
Hans is already a sibling of Grietje
Grietje is already a sibling of Hans
Hans is already a sibling of Grietje
Grietje is already a sibling of Hans
Hans is already a sibling of Grietje
Grietje is already a sibling of Hans
Hans is already a sibling of Grietje
Grietje is already a sibling of Hans
Hans is already a sibling of Grietje
Grietje is already a sibling of Hans
Hans is already a sibling of Grietje
Grietje is already a sibling of Hans
Hans is already a sibling of Grietje
Grietje is already a sibling of Hans
Hans is already a sibling of Grietje
Grietje is already a sibling of Hans
Hans is already a sibling of Grietje
Grietje is already a sibling of Hans
Hans is already a sibling of Grietje
Grietje is already a sibling of Hans
Hans is already a sibling of Grietje
Grietje is already a sibling of Hans
Hans is already a sibling of Grietje
Grietje is already a sibling of Hans
Hans is already a sibling of Grietje
Grietje is already a sibling of Hans
Hans is already a sibling of Grietje
Grietje is already a sibling of Hans
Hans is already a sibling of Grietje
Grietje is already a sibling of Hans
Hans is already a sibling of Grietje
Grietje is already a sibling of Hans
Hans is already a sibling of Grietje
Grietje is already a sibling of Hans
Hans is already a sibling of Grietje
Grietje is already a sibling of Hans
Hans is already a sibling of Grietje
Grietje is already a sibling of Hans
Hans is already a sibling of Grietje
Grietje is already a sibling of Hans
Hans is already a sibling of Grietje
Grietje is already a sibling of Hans
Hans is already a sibling of Grietje
Grietje is already a sibling of Hans
Hans is already a sibling of Grietje
Grietje is already a sibling of Hans
Hans is already a sibling of Grietje
Grietje is already a sibling of Hans
Hans is already a sibling of Grietje
Grietje is already a sibling of Hans
Hans is already a sibling of Grietje
Grietje is already a sibling of Hans
Hans is already a sibling of Grietje
Grietje is already a sibling of Hans
Hans is already a sibling of Grietje
Grietje is already a sibling of Hans
Hans is already a sibling of Grietje
Grietje is already a sibling of Hans
Hans is already a sibling of Grietje
Grietje is already a sibling of Hans
Hans is already a sibling of Grietje
Grietje is already a sibling of Hans
Hans is already a sibling of Grietje
Grietje is already a sibling of Hans
Hans is already a sibling of Grietje
Grietje is already a sibling of Hans
Hans is already a sibling of Grietje
Grietje is already a sibling of Hans
Hans is already a sibling of Grietje
Grietje is already a sibling of Hans
Hans is already a sibling of Grietje
Grietje is already a sibling of Hans
Hans is already a sibling of Grietje
Grietje is already a sibling of Hans
Hans is already a sibling of Grietje
Grietje is already a sibling of Hans
Hans is already a sibling of Grietje
Grietje is already a sibling of Hans
Hans is already a sibling of Grietje
Grietje is already a sibling of Hans
Hans is already a sibling of Grietje
Grietje is already a sibling of Hans
Hans is already a sibling of Grietje
Grietje is already a sibling of Hans
Hans is already a sibling of Grietje
Grietje is already a sibling of Hans
Hans is already a sibling of Grietje
Grietje is already a sibling of Hans
Hans is already a sibling of Grietje
Grietje is already a sibling of Hans
Hans is already a sibling of Grietje
Grietje is already a sibling of Hans
Hans is already a sibling of Grietje
Grietje is already a sibling of Hans
Hans is already a sibling of Grietje
Grietje is already a sibling of Hans
Hans is already a sibling of Grietje
Grietje is already a sibling of Hans
Hans is already a sibling of Grietje
Grietje is already a sibling of Hans
Hans is already a sibling of Grietje
Grietje is already a sibling of Hans
Hans is already a sibling of Grietje
Grietje is already a sibling of Hans
Hans is already a sibling of Grietje
Grietje is already a sibling of Hans
Hans is already a sibling of Grietje
Grietje is already a sibling of Hans
Hans is already a sibling of Grietje
Grietje is already a sibling of Hans
Hans is already a sibling of Grietje
Grietje is already a sibling of Hans
Hans is already a sibling of Grietje
Grietje is already a sibling of Hans
Hans is already a sibling of Grietje
Grietje is already a sibling of Hans
Hans is already a sibling of Grietje
Grietje is already a sibling of Hans
Hans is already a sibling of Grietje
Grietje is already a sibling of Hans
Hans is already a sibling of Grietje
Grietje is already a sibling of Hans
Hans is already a sibling of Grietje
Grietje is already a sibling of Hans
Hans is already a sibling of Grietje
Grietje is already a sibling of Hans
Hans is already a sibling of Grietje
Grietje is already a sibling of Hans
Hans is already a sibling of Grietje
Grietje is already a sibling of Hans
Hans is already a sibling of Grietje
Grietje is already a sibling of Hans
Hans is already a sibling of Grietje
Grietje is already a sibling of Hans
Hans is already a sibling of Grietje
Grietje is already a sibling of Hans
Hans is already a sibling of Grietje
Grietje is already a sibling of Hans
Hans is already a sibling of Grietje
Grietje is already a sibling of Hans
Hans is already a sibling of Grietje
Grietje is already a sibling of Hans
Hans is already a sibling of Grietje
Grietje is already a sibling of Hans
Hans is already a sibling of Grietje
Grietje is already a sibling of Hans
Hans is already a sibling of Grietje
Grietje is already a sibling of Hans
Hans is already a sibling of Grietje
Grietje is already a sibling of Hans
Hans is already a sibling of Grietje
Grietje is already a sibling of Hans
Hans is already a sibling of Grietje
Grietje is already a sibling of Hans
Hans is already a sibling of Grietje
Grietje is already a sibling of Hans
Hans is already a sibling of Grietje
Grietje is already a sibling of Hans
Hans is already a sibling of Grietje
Grietje is already a sibling of Hans
Hans is already a sibling of Grietje
Grietje is already a sibling of Hans
Hans is already a sibling of Grietje
Grietje is already a sibling of Hans
Hans is already a sibling of Grietje
Grietje is already a sibling of Hans
Hans is already a sibling of Grietje
Grietje is already a sibling of Hans
Hans is already a sibling of Grietje
Grietje is already a sibling of Hans
Hans is already a sibling of Grietje
Grietje is already a sibling of Hans
Hans is already a sibling of Grietje
Grietje is already a sibling of Hans
Hans is already a sibling of Grietje
Grietje is already a sibling of Hans
Hans is already a sibling of Grietje
Grietje is already a sibling of Hans
Hans is already a sibling of Grietje
Grietje is already a sibling of Hans
Hans is already a sibling of Grietje
Grietje is already a sibling of Hans
Hans is already a sibling of Grietje
Grietje is already a sibling of Hans
Hans is already a sibling of Grietje
Grietje is already a sibling of Hans
Hans is already a sibling of Grietje
Grietje is already a sibling of Hans
Hans is already a sibling of Grietje
Grietje is already a sibling of Hans
Hans is already a sibling of Grietje
Grietje is already a sibling of Hans
Hans is already a sibling of Grietje
Grietje is already a sibling of Hans
Hans is already a sibling of Grietje
Grietje is already a sibling of Hans
Hans is already a sibling of Grietje
Grietje is already a sibling of Hans
Hans is already a sibling of Grietje
Grietje is already a sibling of Hans
Hans is already a sibling of Grietje
Grietje is already a sibling of Hans
Hans is already a sibling of Grietje
Grietje is already a sibling of Hans
Hans is already a sibling of Grietje
Grietje is already a sibling of Hans
Hans is already a sibling of Grietje
Grietje is already a sibling of Hans
Hans is already a sibling of Grietje
Grietje is already a sibling of Hans
Hans is already a sibling of Grietje
Grietje is already a sibling of Hans
Hans is already a sibling of Grietje
Grietje is already a sibling of Hans
Hans is already a sibling of Grietje
Grietje is already a sibling of Hans
Hans is already a sibling of Grietje
Grietje is already a sibling of Hans
Hans is already a sibling of Grietje
Grietje is already a sibling of Hans
Hans is already a sibling of Grietje
Grietje is already a sibling of Hans
Hans is already a sibling of Grietje
Grietje is already a sibling of Hans
Hans is already a sibling of Grietje
Grietje is already a sibling of Hans
Hans is already a sibling of Grietje
Grietje is already a sibling of Hans
Hans is already a sibling of Grietje
Grietje is already a sibling of Hans
Hans is already a sibling of Grietje
Grietje is already a sibling of Hans
Hans is already a sibling of Grietje
Grietje is already a sibling of Hans
Hans is already a sibling of Grietje
Grietje is already a sibling of Hans
Hans is already a sibling of Grietje
Grietje is already a sibling of Hans
Hans is already a sibling of Grietje
Grietje is already a sibling of Hans
Hans is already a sibling of Grietje
Grietje is already a sibling of Hans
Hans is already a sibling of Grietje
Grietje is already a sibling of Hans
Hans is already a sibling of Grietje
Grietje is already a sibling of Hans
Hans is already a sibling of Grietje
Grietje is already a sibling of Hans
Hans is already a sibling of Grietje
Grietje is already a sibling of Hans
Hans is already a sibling of Grietje
Grietje is already a sibling of Hans
Hans is already a sibling of Grietje
Grietje is already a sibling of Hans
Hans is already a sibling of Grietje
Grietje is already a sibling of Hans
Hans is already a sibling of Grietje
Grietje is already a sibling of Hans
Hans is already a sibling of Grietje
Grietje is already a sibling of Hans
Hans is already a sibling of Grietje
Grietje is already a sibling of Hans
Hans is already a sibling of Grietje
Grietje is already a sibling of Hans
Hans is already a sibling of Grietje
Grietje is already a sibling of Hans
Hans is already a sibling of Grietje
Grietje is already a sibling of Hans
Hans is already a sibling of Grietje
Grietje is already a sibling of Hans
Hans is already a sibling of Grietje
Grietje is already a sibling of Hans
Hans is already a sibling of Grietje
Grietje is already a sibling of Hans
Hans is already a sibling of Grietje
Grietje is already a sibling of Hans
Hans is already a sibling of Grietje
Grietje is already a sibling of Hans
Hans is already a sibling of Grietje
Grietje is already a sibling of Hans
Hans is already a sibling of Grietje
Grietje is already a sibling of Hans
Hans is already a sibling of Grietje
Grietje is already a sibling of Hans
Hans is already a sibling of Grietje
Grietje is already a sibling of Hans
Hans is already a sibling of Grietje
Grietje is already a sibling of Hans
Hans is already a sibling of Grietje
Grietje is already a sibling of Hans
Hans is already a sibling of Grietje
Grietje is already a sibling of Hans
Hans is already a sibling of Grietje
Grietje is already a sibling of Hans
Hans is already a sibling of Grietje
Grietje is already a sibling of Hans
Hans is already a sibling of Grietje
Grietje is already a sibling of Hans
Hans is already a sibling of Grietje
Grietje is already a sibling of Hans
Hans is already a sibling of Grietje
Grietje is already a sibling of Hans
Hans is already a sibling of Grietje
Grietje is already a sibling of Hans
Hans is already a sibling of Grietje
Grietje is already a sibling of Hans
Hans is already a sibling of Grietje
Grietje is already a sibling of Hans
Hans is already a sibling of Grietje
Grietje is already a sibling of Hans
Hans is already a sibling of Grietje
Grietje is already a sibling of Hans
Hans is already a sibling of Grietje
Grietje is already a sibling of Hans
Hans is already a sibling of Grietje
Grietje is already a sibling of Hans
Hans is already a sibling of Grietje
Grietje is already a sibling of Hans
Hans is already a sibling of Grietje
Grietje is already a sibling of Hans
Hans is already a sibling of Grietje
Grietje is already a sibling of Hans
Hans is already a sibling of Grietje
Grietje is already a sibling of Hans
Hans is already a sibling of Grietje
Grietje is already a sibling of Hans
Hans is already a sibling of Grietje
Grietje is already a sibling of Hans
Hans is already a sibling of Grietje
Grietje is already a sibling of Hans
Hans is already a sibling of Grietje
Grietje is already a sibling of Hans
Hans is already a sibling of Grietje
Grietje is already a sibling of Hans
Hans is already a sibling of Grietje
Grietje is already a sibling of Hans
Hans is already a sibling of Grietje
Grietje is already a sibling of Hans
Hans is already a sibling of Grietje
Grietje is already a sibling of Hans
Hans is already a sibling of Grietje
Grietje is already a sibling of Hans
Hans is already a sibling of Grietje
Grietje is already a sibling of Hans
Hans is already a sibling of Grietje
Grietje is already a sibling of Hans
Hans is already a sibling of Grietje
Grietje is already a sibling of Hans
Hans is already a sibling of Grietje
Grietje is already a sibling of Hans
Hans is already a sibling of Grietje
Grietje is already a sibling of Hans
Hans is already a sibling of Grietje
Grietje is already a sibling of Hans
Hans is already a sibling of Grietje
Grietje is already a sibling of Hans
Hans is already a sibling of Grietje
Grietje is already a sibling of Hans
Hans is already a sibling of Grietje
Grietje is already a sibling of Hans
Hans is already a sibling of Grietje
Grietje is already a sibling of Hans
Hans is already a sibling of Grietje
Grietje is already a sibling of Hans
Hans is already a sibling of Grietje
Grietje is already a sibling of Hans
Hans is already a sibling of Grietje
Grietje is already a sibling of Hans
Hans is already a sibling of Grietje
Grietje is already a sibling of Hans
Hans is already a sibling of Grietje
Grietje is already a sibling of Hans
Hans is already a sibling of Grietje
Grietje is already a sibling of Hans
Hans is already a sibling of Grietje
Grietje is already a sibling of Hans
Hans is already a sibling of Grietje
Grietje is already a sibling of Hans
Hans is already a sibling of Grietje
Grietje is already a sibling of Hans
Hans is already a sibling of Grietje
Grietje is already a sibling of Hans
Hans is already a sibling of Grietje
Grietje is already a sibling of Hans
Hans is already a sibling of Grietje
Grietje is already a sibling of Hans
Hans is already a sibling of Grietje
Grietje is already a sibling of Hans
Hans is already a sibling of Grietje
Grietje is already a sibling of Hans
Hans is already a sibling of Grietje
Grietje is already a sibling of Hans
Hans is already a sibling of Grietje
Grietje is already a sibling of Hans
Hans is already a sibling of Grietje
Grietje is already a sibling of Hans
Hans is already a sibling of Grietje
Grietje is already a sibling of Hans
Hans is already a sibling of Grietje
Grietje is already a sibling of Hans
Hans is already a sibling of Grietje
Grietje is already a sibling of Hans
Hans is already a sibling of Grietje
Grietje is already a sibling of Hans
Hans is already a sibling of Grietje
Grietje is already a sibling of Hans
Hans is already a sibling of Grietje
Grietje is already a sibling of Hans
Hans is already a sibling of Grietje
Grietje is already a sibling of Hans
Hans is already a sibling of Grietje
Grietje is already a sibling of Hans
Hans is already a sibling of Grietje
Grietje is already a sibling of Hans
Hans is already a sibling of Grietje
Grietje is already a sibling of Hans
Hans is already a sibling of Grietje
Grietje is already a sibling of Hans
Hans is already a sibling of Grietje
Grietje is already a sibling of Hans
Hans is already a sibling of Grietje
Grietje is already a sibling of Hans
Hans is already a sibling of Grietje
Grietje is already a sibling of Hans
Hans is already a sibling of Grietje
Grietje is already a sibling of Hans
Hans is already a sibling of Grietje
Grietje is already a sibling of Hans
Hans is already a sibling of Grietje
Grietje is already a sibling of Hans
Hans is already a sibling of Grietje
Grietje is already a sibling of Hans
Hans is already a sibling of Grietje
Grietje is already a sibling of Hans
Hans is already a sibling of Grietje
Grietje is already a sibling of Hans
Hans is already a sibling of Grietje
Grietje is already a sibling of Hans
Hans is already a sibling of Grietje
Grietje is already a sibling of Hans
Hans is already a sibling of Grietje
Grietje is already a sibling of Hans
Hans is already a sibling of Grietje
Grietje is already a sibling of Hans
Hans is already a sibling of Grietje
Grietje is already a sibling of Hans
Hans is already a sibling of Grietje
Grietje is already a sibling of Hans
Hans is already a sibling of Grietje
Grietje is already a sibling of Hans
Hans is already a sibling of Grietje
Grietje is already a sibling of Hans
Hans is already a sibling of Grietje
Grietje is already a sibling of Hans
Hans is already a sibling of Grietje
Grietje is already a sibling of Hans
Hans is already a sibling of Grietje
Grietje is already a sibling of Hans
Hans is already a sibling of Grietje
Grietje is already a sibling of Hans
Hans is already a sibling of Grietje
Grietje is already a sibling of Hans
Hans is already a sibling of Grietje
Grietje is already a sibling of Hans
Hans is already a sibling of Grietje
Grietje is already a sibling of Hans
Hans is already a sibling of Grietje
Grietje is already a sibling of Hans
Hans is already a sibling of Grietje
Grietje is already a sibling of Hans
Hans is already a sibling of Grietje
Grietje is already a sibling of Hans
Hans is already a sibling of Grietje
Grietje is already a sibling of Hans
Hans is already a sibling of Grietje
Grietje is already a sibling of Hans
Hans is already a sibling of Grietje
Grietje is already a sibling of Hans
Hans is already a sibling of Grietje
Grietje is already a sibling of Hans
Hans is already a sibling of Grietje
Grietje is already a sibling of Hans
Hans is already a sibling of Grietje
Grietje is already a sibling of Hans
Hans is already a sibling of Grietje
Grietje is already a sibling of Hans
Hans is already a sibling of Grietje
Grietje is already a sibling of Hans
Hans is already a sibling of Grietje
Grietje is already a sibling of Hans
Hans is already a sibling of Grietje
Grietje is already a sibling of Hans
Hans is already a sibling of Grietje
Grietje is already a sibling of Hans
Hans is already a sibling of Grietje
Grietje is already a sibling of Hans
Hans is already a sibling of Grietje
Grietje is already a sibling of Hans
Hans is already a sibling of Grietje
Grietje is already a sibling of Hans
Hans is already a sibling of Grietje
Grietje is already a sibling of Hans
Hans is already a sibling of Grietje
Grietje is already a sibling of Hans
Hans is already a sibling of Grietje
Grietje is already a sibling of Hans
Hans is already a sibling of Grietje
Grietje is already a sibling of Hans
Hans is already a sibling of Grietje
Grietje is already a sibling of Hans
Hans is already a sibling of Grietje
Grietje is already a sibling of Hans
Hans is already a sibling of Grietje
Grietje is already a sibling of Hans
Hans is already a sibling of Grietje
Grietje is already a sibling of Hans
Hans is already a sibling of Grietje
Grietje is already a sibling of Hans
Hans is already a sibling of Grietje
Grietje is already a sibling of Hans
Hans is already a sibling of Grietje
Grietje is already a sibling of Hans
Hans is already a sibling of Grietje
Grietje is already a sibling of Hans
Hans is already a sibling of Grietje
Grietje is already a sibling of Hans
Hans is already a sibling of Grietje
Grietje is already a sibling of Hans
Hans is already a sibling of Grietje
Grietje is already a sibling of Hans
Hans is already a sibling of Grietje
Grietje is already a sibling of Hans
Hans is already a sibling of Grietje
Grietje is already a sibling of Hans
Hans is already a sibling of Grietje
Grietje is already a sibling of Hans
Hans is already a sibling of Grietje
Grietje is already a sibling of Hans
Hans is already a sibling of Grietje
Grietje is already a sibling of Hans
Hans is already a sibling of Grietje
Grietje is already a sibling of Hans
Hans is already a sibling of Grietje
Grietje is already a sibling of Hans
Hans is already a sibling of Grietje
Grietje is already a sibling of Hans
Hans is already a sibling of Grietje
Grietje is already a sibling of Hans
Hans is already a sibling of Grietje
Grietje is already a sibling of Hans
Hans is already a sibling of Grietje
Grietje is already a sibling of Hans
Hans is already a sibling of Grietje
Grietje is already a sibling of Hans
Hans is already a sibling of Grietje
Grietje is already a sibling of Hans
Hans is already a sibling of Grietje
Grietje is already a sibling of Hans
Hans is already a sibling of Grietje
Grietje is already a sibling of Hans
Hans is already a sibling of Grietje
Grietje is already a sibling of Hans
Hans is already a sibling of Grietje
Grietje is already a sibling of Hans
Hans is already a sibling of Grietje
Grietje is already a sibling of Hans
Hans is already a sibling of Grietje
Grietje is already a sibling of Hans
Hans is already a sibling of Grietje
Grietje is already a sibling of Hans
Hans is already a sibling of Grietje
Grietje is already a sibling of Hans
Hans is already a sibling of Grietje
Grietje is already a sibling of Hans
Hans is already a sibling of Grietje
Grietje is already a sibling of Hans
Hans is already a sibling of Grietje
Grietje is already a sibling of Hans
Hans is already a sibling of Grietje
Grietje is already a sibling of Hans
Hans is already a sibling of Grietje
Grietje is already a sibling of Hans
Hans is already a sibling of Grietje
Grietje is already a sibling of Hans
Hans is already a sibling of Grietje
Grietje is already a sibling of Hans
Hans is already a sibling of Grietje
Grietje is already a sibling of Hans
Hans is already a sibling of Grietje
Grietje is already a sibling of Hans
Hans is already a sibling of Grietje
Grietje is already a sibling of Hans
Hans is already a sibling of Grietje
Grietje is already a sibling of Hans
Hans is already a sibling of Grietje
Grietje is already a sibling of Hans
Hans is already a sibling of Grietje
Grietje is already a sibling of Hans
Hans is already a sibling of Grietje
Grietje is already a sibling of Hans
Hans is already a sibling of Grietje
Grietje is already a sibling of Hans
Hans is already a sibling of Grietje
Grietje is already a sibling of Hans
Hans is already a sibling of Grietje
Grietje is already a sibling of Hans
Hans is already a sibling of Grietje
Grietje is already a sibling of Hans
Hans is already a sibling of Grietje
Grietje is already a sibling of Hans
Hans is already a sibling of Grietje
Grietje is already a sibling of Hans
Hans is already a sibling of Grietje
Grietje is already a sibling of Hans
Hans is already a sibling of Grietje
Grietje is already a sibling of Hans
Hans is already a sibling of Grietje
Grietje is already a sibling of Hans
Hans is already a sibling of Grietje
Grietje is already a sibling of Hans
Hans is already a sibling of Grietje
Grietje is already a sibling of Hans
Hans is already a sibling of Grietje
Grietje is already a sibling of Hans
Hans is already a sibling of Grietje
Grietje is already a sibling of Hans
Hans is already a sibling of Grietje
Grietje is already a sibling of Hans
Hans is already a sibling of Grietje
Grietje is already a sibling of Hans
Hans is already a sibling of Grietje
Grietje is already a sibling of Hans
Hans is already a sibling of Grietje
Grietje is already a sibling of Hans
Hans is already a sibling of Grietje
Grietje is already a sibling of Hans
Hans is already a sibling of Grietje
Grietje is already a sibling of Hans
Hans is already a sibling of Grietje
Grietje is already a sibling of Hans
Hans is already a sibling of Grietje
Grietje is already a sibling of Hans
Hans is already a sibling of Grietje
Grietje is already a sibling of Hans
Hans is already a sibling of Grietje
Grietje is already a sibling of Hans
Hans is already a sibling of Grietje
Grietje is already a sibling of Hans
Hans is already a sibling of Grietje
Grietje is already a sibling of Hans
Hans is already a sibling of Grietje
Grietje is already a sibling of Hans
Hans is already a sibling of Grietje
Grietje is already a sibling of Hans
Hans is already a sibling of Grietje
Grietje is already a sibling of Hans
Hans is already a sibling of Grietje
Grietje is already a sibling of Hans
Hans is already a sibling of Grietje
Grietje is already a sibling of Hans
Hans is already a sibling of Grietje
Grietje is already a sibling of Hans
Hans is already a sibling of Grietje
Grietje is already a sibling of Hans
Hans is already a sibling of Grietje
Grietje is already a sibling of Hans
Hans is already a sibling of Grietje
Grietje is already a sibling of Hans
Hans is already a sibling of Grietje
Grietje is already a sibling of Hans
Hans is already a sibling of Grietje
Grietje is already a sibling of Hans
Hans is already a sibling of Grietje
Grietje is already a sibling of Hans
Hans is already a sibling of Grietje
Grietje is already a sibling of Hans
Hans is already a sibling of Grietje
Grietje is already a sibling of Hans
Hans is already a sibling of Grietje
Grietje is already a sibling of Hans
Hans is already a sibling of Grietje
Grietje is already a sibling of Hans
Hans is already a sibling of Grietje
Grietje is already a sibling of Hans
Hans is already a sibling of Grietje
Grietje is already a sibling of Hans
Hans is already a sibling of Grietje
Grietje is already a sibling of Hans
Hans is already a sibling of Grietje
Grietje is already a sibling of Hans
Hans is already a sibling of Grietje
Grietje is already a sibling of Hans
Hans is already a sibling of Grietje
Grietje is already a sibling of Hans
Hans is already a sibling of Grietje
Grietje is already a sibling of Hans
Hans is already a sibling of Grietje
Grietje is already a sibling of Hans
Hans is already a sibling of Grietje
Grietje is already a sibling of Hans
Hans is already a sibling of Grietje
Grietje is already a sibling of Hans
Hans is already a sibling of Grietje
Grietje is already a sibling of Hans
Hans is already a sibling of Grietje
Grietje is already a sibling of Hans
Hans is already a sibling of Grietje
Grietje is already a sibling of Hans
Hans is already a sibling of Grietje
Grietje is already a sibling of Hans
Hans is already a sibling of Grietje
Grietje is already a sibling of Hans
Hans is already a sibling of Grietje
Grietje is already a sibling of Hans
Hans is already a sibling of Grietje
Grietje is already a sibling of Hans
[...]
Hans is already a sibling of Grietje
Grietje is already a sibling of Hans
Hans is already a sibling of Grietje
Grietje is already a sibling of Hans
Hans is already a sibling of Grietje
Grietje is already a sibling of Hans
Hans is already a sibling of Grietje
Grietje is already a sibling of Hans
Hans is already a sibling of Grietje
Grietje is already a sibling of Hans
Hans is already a sibling of Grietje
Grietje is already a sibling of Hans
Hans is already a sibling of Grietje
Grietje is already a sibling of Hans
Hans is already a sibling of Grietje
Grietje is already a sibling of Hans
Hans is already a sibling of Grietje
Grietje is already a sibling of Hans
Hans is already a sibling of Grietje
Grietje is already a sibling of Hans
Hans is already a sibling of Grietje
Grietje is already a sibling of Hans
Hans is already a sibling of Grietje
Grietje is already a sibling of Hans
Hans is already a sibling of Grietje
Grietje is already a sibling of Hans
Hans is already a sibling of Grietje
Grietje is already a sibling of Hans
Hans is already a sibling of Grietje
Grietje is already a sibling of Hans
Hans is already a sibling of Grietje
Grietje is already a sibling of Hans
Hans is already a sibling of Grietje
Grietje is already a sibling of Hans
Hans is already a sibling of Grietje
Grietje is already a sibling of Hans
Hans is already a sibling of Grietje
Grietje is already a sibling of Hans
Hans is already a sibling of Grietje
Grietje is already a sibling of Hans
Hans is already a sibling of Grietje
Grietje is already a sibling of Hans
Hans is already a sibling of Grietje
Grietje is already a sibling of Hans
Hans is already a sibling of Grietje
Grietje is already a sibling of Hans
Hans is already a sibling of Grietje
Grietje is already a sibling of Hans
Hans is already a sibling of Grietje
Grietje is already a sibling of Hans
Hans is already a sibling of Grietje
Grietje is already a sibling of Hans
Hans is already a sibling of Grietje
Grietje is already a sibling of Hans
Hans is already a sibling of Grietje
Grietje is already a sibling of Hans
Hans is already a sibling of Grietje
Grietje is already a sibling of Hans
Hans is already a sibling of Grietje
Grietje is already a sibling of Hans
Hans is already a sibling of Grietje
Grietje is already a sibling of Hans
Hans is already a sibling of Grietje
Grietje is already a sibling of Hans
Hans is already a sibling of Grietje
Grietje is already a sibling of Hans
Hans is already a sibling of Grietje
Grietje is already a sibling of Hans
Hans is already a sibling of Grietje
Grietje is already a sibling of Hans
Hans is already a sibling of Grietje
Grietje is already a sibling of Hans
Hans is already a sibling of Grietje
Grietje is already a sibling of Hans
Hans is already a sibling of Grietje
Grietje is already a sibling of Hans
Hans is already a sibling of Grietje
Grietje is already a sibling of Hans
Hans is already a sibling of Grietje
Grietje is already a sibling of Hans
Hans is already a sibling of Grietje
Grietje is already a sibling of Hans
Hans is already a sibling of Grietje
Grietje is already a sibling of Hans
Hans is already a sibling of Grietje
Grietje is already a sibling of Hans
Hans is already a sibling of Grietje
Grietje is already a sibling of Hans
Hans is already a sibling of Grietje
Grietje is already a sibling of Hans
Hans is already a sibling of Grietje
Grietje is already a sibling of Hans
Hans is already a sibling of Grietje
Grietje is already a sibling of Hans
Hans is already a sibling of Grietje
Grietje is already a sibling of Hans
Hans is already a sibling of Grietje
Grietje is already a sibling of Hans
Hans is already a sibling of Grietje
Grietje is already a sibling of Hans
Hans is already a sibling of Grietje
Grietje is already a sibling of Hans
Hans is already a sibling of Grietje
Grietje is already a sibling of Hans
Hans is already a sibling of Grietje
Grietje is already a sibling of Hans
Hans is already a sibling of Grietje
Grietje is already a sibling of Hans
Hans is already a sibling of Grietje
Grietje is already a sibling of Hans
Hans is already a sibling of Grietje
Grietje is already a sibling of Hans
Hans is already a sibling of Grietje
Grietje is already a sibling of Hans
Hans is already a sibling of Grietje
Grietje is already a sibling of Hans
Hans is already a sibling of Grietje
Grietje is already a sibling of Hans
Hans is already a sibling of Grietje
Grietje is already a sibling of Hans
Hans is already a sibling of Grietje
Grietje is already a sibling of Hans
Hans is already a sibling of Grietje
Grietje is already a sibling of Hans
Hans is already a sibling of Grietje
Grietje is already a sibling of Hans
Hans is already a sibling of Grietje
Grietje is already a sibling of Hans
Hans is already a sibling of Grietje
Grietje is already a sibling of Hans
Hans is already a sibling of Grietje
Grietje is already a sibling of Hans
Hans is already a sibling of Grietje
Grietje is already a sibling of Hans
Hans is already a sibling of Grietje
Grietje is already a sibling of Hans
Hans is already a sibling of Grietje
Grietje is already a sibling of Hans
Hans is already a sibling of Grietje
Grietje is already a sibling of Hans
Hans is already a sibling of Grietje
Grietje is already a sibling of Hans
Hans is already a sibling of Grietje
Grietje is already a sibling of Hans
Hans is already a sibling of Grietje
Grietje is already a sibling of Hans
Hans is already a sibling of Grietje
Grietje is already a sibling of Hans
Hans is already a sibling of Grietje
Grietje is already a sibling of Hans
Hans is already a sibling of Grietje
Grietje is already a sibling of Hans
Hans is already a sibling of Grietje
Grietje is already a sibling of Hans
Hans is already a sibling of Grietje
Grietje is already a sibling of Hans
Hans is already a sibling of Grietje
Grietje is already a sibling of Hans
Hans is already a sibling of Grietje
Grietje is already a sibling of Hans
Hans is already a sibling of Grietje
Grietje is already a sibling of Hans
Hans is already a sibling of Grietje
Grietje is already a sibling of Hans
Hans is already a sibling of Grietje
Grietje is already a sibling of Hans
Hans is already a sibling of Grietje
Grietje is already a sibling of Hans
Hans is already a sibling of Grietje
Grietje is already a sibling of Hans
Hans is already a sibling of Grietje
Grietje is already a sibling of Hans
Hans is already a sibling of Grietje
Grietje is already a sibling of Hans
Hans is already a sibling of Grietje
Grietje is already a sibling of Hans
Hans is already a sibling of Grietje
Grietje is already a sibling of Hans
Hans is already a sibling of Grietje
Grietje is already a sibling of Hans
Hans is already a sibling of Grietje
Grietje is already a sibling of Hans
Hans is already a sibling of Grietje
Grietje is already a sibling of Hans
Hans is already a sibling of Grietje
Grietje is already a sibling of Hans
Hans is already a sibling of Grietje
Grietje is already a sibling of Hans
Hans is already a sibling of Grietje
Grietje is already a sibling of Hans
Hans is already a sibling of Grietje
Grietje is already a sibling of Hans
Hans is already a sibling of Grietje
Grietje is already a sibling of Hans
Hans is already a sibling of Grietje
Grietje is already a sibling of Hans
Hans is already a sibling of Grietje
Grietje is already a sibling of Hans
Hans is already a sibling of Grietje
Grietje is already a sibling of Hans
Hans is already a sibling of Grietje
Grietje is already a sibling of Hans
Hans is already a sibling of Grietje
Grietje is already a sibling of Hans
Hans is already a sibling of Grietje
Grietje is already a sibling of Hans
Hans is already a sibling of Grietje
Grietje is already a sibling of Hans
Hans is already a sibling of Grietje
Grietje is already a sibling of Hans
Hans is already a sibling of Grietje
Grietje is already a sibling of Hans
Hans is already a sibling of Grietje
Grietje is already a sibling of Hans
Hans is already a sibling of Grietje
Grietje is already a sibling of Hans
Hans is already a sibling of Grietje
Grietje is already a sibling of Hans
Hans is already a sibling of Grietje
Grietje is already a sibling of Hans
Hans is already a sibling of Grietje
Grietje is already a sibling of Hans
Hans is already a sibling of Grietje
Grietje is already a sibling of Hans
Hans is already a sibling of Grietje
Grietje is already a sibling of Hans
Hans is already a sibling of Grietje
Grietje is already a sibling of Hans
Hans is already a sibling of Grietje
Grietje is already a sibling of Hans
Hans is already a sibling of Grietje
Grietje is already a sibling of Hans
Hans is already a sibling of Grietje
Grietje is already a sibling of Hans
Hans is already a sibling of Grietje
Grietje is already a sibling of Hans
Hans is already a sibling of Grietje
Grietje is already a sibling of Hans
Hans is already a sibling of Grietje
Grietje is already a sibling of Hans
Hans is already a sibling of Grietje
Grietje is already a sibling of Hans
Hans is already a sibling of Grietje
Grietje is already a sibling of Hans
Hans is already a sibling of Grietje
Grietje is already a sibling of Hans
Hans is already a sibling of Grietje
Grietje is already a sibling of Hans
Hans is already a sibling of Grietje
Grietje is already a sibling of Hans
Hans is already a sibling of Grietje
Grietje is already a sibling of Hans
Hans is already a sibling of Grietje
Grietje is already a sibling of Hans
Hans is already a sibling of Grietje
Grietje is already a sibling of Hans
Hans is already a sibling of Grietje
Grietje is already a sibling of Hans
Hans is already a sibling of Grietje
Grietje is already a sibling of Hans
Hans is already a sibling of Grietje
Grietje is already a sibling of Hans
Hans is already a sibling of Grietje
Grietje is already a sibling of Hans
Hans is already a sibling of Grietje
Grietje is already a sibling of Hans
Hans is already a sibling of Grietje
Grietje is already a sibling of Hans
Hans is already a sibling of Grietje
Grietje is already a sibling of Hans
Hans is already a sibling of Grietje
Grietje is already a sibling of Hans
Hans is already a sibling of Grietje
Grietje is already a sibling of Hans
Hans is already a sibling of Grietje
Grietje is already a sibling of Hans
Hans is already a sibling of Grietje
Grietje is already a sibling of Hans
Hans is already a sibling of Grietje
Grietje is already a sibling of Hans
Hans is already a sibling of Grietje
Grietje is already a sibling of Hans
Hans is already a sibling of Grietje
Grietje is already a sibling of Hans
Hans is already a sibling of Grietje
Grietje is already a sibling of Hans
Hans is already a sibling of Grietje
Grietje is already a sibling of Hans
Hans is already a sibling of Grietje
Grietje is already a sibling of Hans
Hans is already a sibling of Grietje
Grietje is already a sibling of Hans
Hans is already a sibling of Grietje
Grietje is already a sibling of Hans
Hans is already a sibling of Grietje
Grietje is already a sibling of Hans
Hans is already a sibling of Grietje
Grietje is already a sibling of Hans
Hans is already a sibling of Grietje
Grietje is already a sibling of Hans
Hans is already a sibling of Grietje
Grietje is already a sibling of Hans
Hans is already a sibling of Grietje
Grietje is already a sibling of Hans
Hans is already a sibling of Grietje
Grietje is already a sibling of Hans
Hans is already a sibling of Grietje
Grietje is already a sibling of Hans
Hans is already a sibling of Grietje
Grietje is already a sibling of Hans
Hans is already a sibling of Grietje
Grietje is already a sibling of Hans
Hans is already a sibling of Grietje
Grietje is already a sibling of Hans
Hans is already a sibling of Grietje
Grietje is already a sibling of Hans
Hans is already a sibling of Grietje
Grietje is already a sibling of Hans
Hans is already a sibling of Grietje
Grietje is already a sibling of Hans
Hans is already a sibling of Grietje
Grietje is already a sibling of Hans
Hans is already a sibling of Grietje
Grietje is already a sibling of Hans
Hans is already a sibling of Grietje
Grietje is already a sibling of Hans
Hans is already a sibling of Grietje
Grietje is already a sibling of Hans
Hans is already a sibling of Grietje
Grietje is already a sibling of Hans
Hans is already a sibling of Grietje
Grietje is already a sibling of Hans
Hans is already a sibling of Grietje
Grietje is already a sibling of Hans
Hans is already a sibling of Grietje
Grietje is already a sibling of Hans
Hans is already a sibling of Grietje
Grietje is already a sibling of Hans
Hans is already a sibling of Grietje
Grietje is already a sibling of Hans
Hans is already a sibling of Grietje
Grietje is already a sibling of Hans
Hans is already a sibling of Grietje
Grietje is already a sibling of Hans
Hans is already a sibling of Grietje
Grietje is already a sibling of Hans
Hans is already a sibling of Grietje
Grietje is already a sibling of Hans
Hans is already a sibling of Grietje
Grietje is already a sibling of Hans
Hans is already a sibling of Grietje
Grietje is already a sibling of Hans
Hans is already a sibling of Grietje
Grietje is already a sibling of Hans
Hans is already a sibling of Grietje
Grietje is already a sibling of Hans
Hans is already a sibling of Grietje
Grietje is already a sibling of Hans
Hans is already a sibling of Grietje
Grietje is already a sibling of Hans
Hans is already a sibling of Grietje
Grietje is already a sibling of Hans
Hans is already a sibling of Grietje
Grietje is already a sibling of Hans
Hans is already a sibling of Grietje
Grietje is already a sibling of Hans
Hans is already a sibling of Grietje
Grietje is already a sibling of Hans
Hans is already a sibling of Grietje
Grietje is already a sibling of Hans
Hans is already a sibling of Grietje
Grietje is already a sibling of Hans
Hans is already a sibling of Grietje
Grietje is already a sibling of Hans
Hans is already a sibling of Grietje
Grietje is already a sibling of Hans
Hans is already a sibling of Grietje
Grietje is already a sibling of Hans
Hans is already a sibling of Grietje
Grietje is already a sibling of Hans
Hans is already a sibling of Grietje
Grietje is already a sibling of Hans
Hans is already a sibling of Grietje
Grietje is already a sibling of Hans
Hans is already a sibling of Grietje
Grietje is already a sibling of Hans
Hans is already a sibling of Grietje
Grietje is already a sibling of Hans
Hans is already a sibling of Grietje
Grietje is already a sibling of Hans
Hans is already a sibling of Grietje
Grietje is already a sibling of Hans
Hans is already a sibling of Grietje
Grietje is already a sibling of Hans
Hans is already a sibling of Grietje
Grietje is already a sibling of Hans
Hans is already a sibling of Grietje
Grietje is already a sibling of Hans
Hans is already a sibling of Grietje
Grietje is already a sibling of Hans
Hans is already a sibling of Grietje
Grietje is already a sibling of Hans
Hans is already a sibling of Grietje
Grietje is already a sibling of Hans
Hans is already a sibling of Grietje
Grietje is already a sibling of Hans
Hans is already a sibling of Grietje
Grietje is already a sibling of Hans
Hans is already a sibling of Grietje
Grietje is already a sibling of Hans
Hans is already a sibling of Grietje
Grietje is already a sibling of Hans
Hans is already a sibling of Grietje
Grietje is already a sibling of Hans
Hans is already a sibling of Grietje
Grietje is already a sibling of Hans
Hans is already a sibling of Grietje
Grietje is already a sibling of Hans
Hans is already a sibling of Grietje
Grietje is already a sibling of Hans
Hans is already a sibling of Grietje
Grietje is already a sibling of Hans
Hans is already a sibling of Grietje
Grietje is already a sibling of Hans
Hans is already a sibling of Grietje
Grietje is already a sibling of Hans
Hans is already a sibling of Grietje
Grietje is already a sibling of Hans
Hans is already a sibling of Grietje
Grietje is already a sibling of Hans
Hans is already a sibling of Grietje
Grietje is already a sibling of Hans
Hans is already a sibling of Grietje
Grietje is already a sibling of Hans
Hans is already a sibling of Grietje
Grietje is already a sibling of Hans
Hans is already a sibling of Grietje
Grietje is already a sibling of Hans
Hans is already a sibling of Grietje
Grietje is already a sibling of Hans
Hans is already a sibling of Grietje
Grietje is already a sibling of Hans
Hans is already a sibling of Grietje
Grietje is already a sibling of Hans
Hans is already a sibling of Grietje
Grietje is already a sibling of Hans
Hans is already a sibling of Grietje
Grietje is already a sibling of Hans
Hans is already a sibling of Grietje
Grietje is already a sibling of Hans
Hans is already a sibling of Grietje
Grietje is already a sibling of Hans
Hans is already a sibling of Grietje
Grietje is already a sibling of Hans
Hans is already a sibling of Grietje
Grietje is already a sibling of Hans
Hans is already a sibling of Grietje
Grietje is already a sibling of Hans
Hans is already a sibling of Grietje
Grietje is already a sibling of Hans
Hans is already a sibling of Grietje
Grietje is already a sibling of Hans
Hans is already a sibling of Grietje
Grietje is already a sibling of Hans
Hans is already a sibling of Grietje
Grietje is already a sibling of Hans
Hans is already a sibling of Grietje
Grietje is already a sibling of Hans
Hans is already a sibling of Grietje
Grietje is already a sibling of Hans
Hans is already a sibling of Grietje
Grietje is already a sibling of Hans
Hans is already a sibling of Grietje
Grietje is already a sibling of Hans
Hans is already a sibling of Grietje
Grietje is already a sibling of Hans
Hans is already a sibling of Grietje
Grietje is already a sibling of Hans
Hans is already a sibling of Grietje
Grietje is already a sibling of Hans
Hans is already a sibling of Grietje
Grietje is already a sibling of Hans
Hans is already a sibling of Grietje
Grietje is already a sibling of Hans
Hans is already a sibling of Grietje
Grietje is already a sibling of Hans
Hans is already a sibling of Grietje
Grietje is already a sibling of Hans
Hans is already a sibling of Grietje
Grietje is already a sibling of Hans
Hans is already a sibling of Grietje
Grietje is already a sibling of Hans
Hans is already a sibling of Grietje
Grietje is already a sibling of Hans
Hans is already a sibling of Grietje
Grietje is already a sibling of Hans
Hans is already a sibling of Grietje
Grietje is already a sibling of Hans
Hans is already a sibling of Grietje
Grietje is already a sibling of Hans
Hans is already a sibling of Grietje
Grietje is already a sibling of Hans
Hans is already a sibling of Grietje
Grietje is already a sibling of Hans
Hans is already a sibling of Grietje
Grietje is already a sibling of Hans
Hans is already a sibling of Grietje
Grietje is already a sibling of Hans
Hans is already a sibling of Grietje
Grietje is already a sibling of Hans
Hans is already a sibling of Grietje
Grietje is already a sibling of Hans
Hans is already a sibling of Grietje
Grietje is already a sibling of Hans
Hans is already a sibling of Grietje
Grietje is already a sibling of Hans
Hans is already a sibling of Grietje
Grietje is already a sibling of Hans
Hans is already a sibling of Grietje
Grietje is already a sibling of Hans
Hans is already a sibling of Grietje
Grietje is already a sibling of Hans
Hans is already a sibling of Grietje
Grietje is already a sibling of Hans
Hans is already a sibling of Grietje
Grietje is already a sibling of Hans
Hans is already a sibling of Grietje
Grietje is already a sibling of Hans
Hans is already a sibling of Grietje
Grietje is already a sibling of Hans
Hans is already a sibling of Grietje
Grietje is already a sibling of Hans
Hans is already a sibling of Grietje
Grietje is already a sibling of Hans
Hans is already a sibling of Grietje
Grietje is already a sibling of Hans
Hans is already a sibling of Grietje
Grietje is already a sibling of Hans
Hans is already a sibling of Grietje
]]></system-out>
  </testcase>
</testsuite>